Added Component: Designator=C1(RAD-0.3)
Added Component: Designator=C2(RAD-0.3)
Added Component: Designator=C3(RAD-0.3)
Added Component: Designator=C4(RAD-0.3)
Added Component: Designator=C5(RAD-0.3)
Added Component: Designator=C6(RAD-0.3)
Added Component: Designator=C7(RAD-0.3)
Added Component: Designator=D1(LED-0)
Added Component: Designator=D2(LED-0)
Added Component: Designator=R1(AXIAL-0.3)
Added Component: Designator=R2(AXIAL-0.3)
Added Component: Designator=R3(AXIAL-0.3)
Added Component: Designator=S1(SPST-2)
Added Component: Designator=Y1(R38)
Added Net: Name=D+
Added Net: Name=D-
Added Net: Name=D_LED
Added Net: Name=GND
Added Net: Name=Net1_3
Added Net: Name=Net*1_16
Added Net: Name=Net*1_19
Added Net: Name=Net*1_20
Added Net: Name=Net*2_1
Added Net: Name=NetR2_1
Added Net: Name=PGEC
Added Net: Name=PGED
Added Net: Name=RST
Added Net: Name=VDD
Added Net: Name=X1
Added Net: Name=X2
Added Class: Name=AwesomeRemote
Added Room: Name=AwesomeRemote
