Added Component: Designator=C1(CAPC1608N)
Added Component: Designator=C2(CAPC1608N)
Added Component: Designator=C3(CAPC1608N)
Added Component: Designator=C4(CAPC1608N)
Added Component: Designator=C5(CAPC1608N)
Added Component: Designator=C6(CAPC1608N)
Added Component: Designator=C7(CAPC1608N)
Added Component: Designator=C8(CAPC1608N)
Added Component: Designator=C9(CAPC1608N)
Added Component: Designator=C10(CAPC1608N)
Added Component: Designator=D1(LED)
Added Component: Designator=D2(LED)
Added Component: Designator=J1(6-pins)
Added Component: Designator=J2(6-pins)
Added Component: Designator=J3(USB_B_FEM)
Added Component: Designator=R1(CAPC1608N)
Added Component: Designator=R2(CAPC1608N)
Added Component: Designator=R3(CAPC1608N)
Added Component: Designator=R4(CAPC1608N)
Added Component: Designator=R5(CAPC1608N)
Added Component: Designator=S1(PUSH_BUTTON)
Added Component: Designator=U1(TSOP38238)
Added Component: Designator=U2(PIC32MX220)
Added Component: Designator=U3(LDO_REG)
Added Component: Designator=Y1(XTAL139X50X45)
Added Pin To Net: NetName=GND Pin=C1-1
Added Pin To Net: NetName=NetC1_2 Pin=C1-2
Added Pin To Net: NetName=GND Pin=C2-1
Added Pin To Net: NetName=NetC2_2 Pin=C2-2
Added Pin To Net: NetName=VDD Pin=C3-1
Added Pin To Net: NetName=GND Pin=C3-2
Added Pin To Net: NetName=GND Pin=C4-1
Added Pin To Net: NetName=NetC4_2 Pin=C4-2
Added Pin To Net: NetName=GND Pin=C5-1
Added Pin To Net: NetName=NetC4_2 Pin=C5-2
Added Pin To Net: NetName=GND Pin=C6-1
Added Pin To Net: NetName=VDD Pin=C6-2
Added Pin To Net: NetName=VDD Pin=C7-1
Added Pin To Net: NetName=GND Pin=C7-2
Added Pin To Net: NetName=X1 Pin=C8-1
Added Pin To Net: NetName=GND Pin=C8-2
Added Pin To Net: NetName=X2 Pin=C9-1
Added Pin To Net: NetName=GND Pin=C9-2
Added Pin To Net: NetName=GND Pin=C10-1
Added Pin To Net: NetName=NetC10_2 Pin=C10-2
Added Pin To Net: NetName=NetD1_1 Pin=D1-1
Added Pin To Net: NetName=GND Pin=D1-2
Added Pin To Net: NetName=NetD2_1 Pin=D2-1
Added Pin To Net: NetName=GND Pin=D2-2
Added Pin To Net: NetName=GND Pin=J1-1
Added Pin To Net: NetName=RX Pin=J1-4
Added Pin To Net: NetName=TX Pin=J1-5
Added Pin To Net: NetName=RST Pin=J2-1
Added Pin To Net: NetName=VDD Pin=J2-2
Added Pin To Net: NetName=VSS Pin=J2-3
Added Pin To Net: NetName=NetJ2_4 Pin=J2-4
Added Pin To Net: NetName=NetJ2_5 Pin=J2-5
Added Pin To Net: NetName=NetC10_2 Pin=J3-1
Added Pin To Net: NetName=D+ Pin=J3-2
Added Pin To Net: NetName=D- Pin=J3-3
Added Pin To Net: NetName=GND Pin=J3-4
Added Pin To Net: NetName=RST Pin=R1-1
Added Pin To Net: NetName=VDD Pin=R1-2
Added Pin To Net: NetName=NetD1_1 Pin=R2-1
Added Pin To Net: NetName=VDD Pin=R2-2
Added Pin To Net: NetName=NetC1_2 Pin=R3-1
Added Pin To Net: NetName=RST Pin=R3-2
Added Pin To Net: NetName=NetC2_2 Pin=R4-1
Added Pin To Net: NetName=VDD Pin=R4-2
Added Pin To Net: NetName=NetR5_1 Pin=R5-1
Added Pin To Net: NetName=NetD2_1 Pin=R5-2
Added Pin To Net: NetName=GND Pin=S1-1
Added Pin To Net: NetName=NetU1_1 Pin=U1-1
Added Pin To Net: NetName=GND Pin=U1-2
Added Pin To Net: NetName=NetC2_2 Pin=U1-3
Added Pin To Net: NetName=RST Pin=U2-1
Added Pin To Net: NetName=NetJ2_4 Pin=U2-2
Added Pin To Net: NetName=NetJ2_5 Pin=U2-3
Added Pin To Net: NetName=TX Pin=U2-4
Added Pin To Net: NetName=RX Pin=U2-5
Added Pin To Net: NetName=NetR5_1 Pin=U2-7
Added Pin To Net: NetName=GND Pin=U2-8
Added Pin To Net: NetName=X1 Pin=U2-9
Added Pin To Net: NetName=X2 Pin=U2-10
Added Pin To Net: NetName=VDD Pin=U2-13
Added Pin To Net: NetName=NetU1_1 Pin=U2-16
Added Pin To Net: NetName=GND Pin=U2-19
Added Pin To Net: NetName=NetC4_2 Pin=U2-20
Added Pin To Net: NetName=D+ Pin=U2-21
Added Pin To Net: NetName=D- Pin=U2-22
Added Pin To Net: NetName=VDD Pin=U2-23
Added Pin To Net: NetName=GND Pin=U2-27
Added Pin To Net: NetName=VDD Pin=U2-28
Added Pin To Net: NetName=NetC10_2 Pin=U3-1
Added Pin To Net: NetName=GND Pin=U3-2
Added Pin To Net: NetName=VDD Pin=U3-3
Added Pin To Net: NetName=GND Pin=U3-4
Added Pin To Net: NetName=X1 Pin=Y1-1
Added Pin To Net: NetName=X2 Pin=Y1-2
Added Member To Class: ClassName=AwesomeRemote Member=Component C1 100pF
Added Member To Class: ClassName=AwesomeRemote Member=Component C2 100pF
Added Member To Class: ClassName=AwesomeRemote Member=Component C3 0.1uF
Added Member To Class: ClassName=AwesomeRemote Member=Component C4 10uF
Added Member To Class: ClassName=AwesomeRemote Member=Component C5 100nF
Added Member To Class: ClassName=AwesomeRemote Member=Component C6 0.1uF
Added Member To Class: ClassName=AwesomeRemote Member=Component C7 0.1uF
Added Member To Class: ClassName=AwesomeRemote Member=Component C8 26pF
Added Member To Class: ClassName=AwesomeRemote Member=Component C9 26pF
Added Member To Class: ClassName=AwesomeRemote Member=Component C10 4.7uF
Added Member To Class: ClassName=AwesomeRemote Member=Component D1 1685021
Added Member To Class: ClassName=AwesomeRemote Member=Component D2 1685017
Added Member To Class: ClassName=AwesomeRemote Member=Component J1 UART
Added Member To Class: ClassName=AwesomeRemote Member=Component J2 DEBUG
Added Member To Class: ClassName=AwesomeRemote Member=Component J3 1753809
Added Member To Class: ClassName=AwesomeRemote Member=Component R1 1K
Added Member To Class: ClassName=AwesomeRemote Member=Component R2 130R
Added Member To Class: ClassName=AwesomeRemote Member=Component R3 1K
Added Member To Class: ClassName=AwesomeRemote Member=Component R4 1K
Added Member To Class: ClassName=AwesomeRemote Member=Component R5 130R
Added Member To Class: ClassName=AwesomeRemote Member=Component S1 2468741
Added Member To Class: ClassName=AwesomeRemote Member=Component U1 2251359
Added Member To Class: ClassName=AwesomeRemote Member=Component U2 PIC32MX220F032B
Added Member To Class: ClassName=AwesomeRemote Member=Component U3 1578379
Added Member To Class: ClassName=AwesomeRemote Member=Component Y1 4MHz
Added Room: Name=AwesomeRemote
