Added Component: Designator=*1(PIC32MX220)
Added Component: Designator=*2(LDO_REG)
Added Component: Designator=1(TSOP38238)
Added Component: Designator=D1(LED-0)
Added Component: Designator=D2(LED-0)
Added Component: Designator=R1(AXIAL-0.3)
Added Component: Designator=R2(AXIAL-0.3)
Added Component: Designator=R3(AXIAL-0.3)
Added Component: Designator=R?(AXIAL-0.3)
Added Component: Designator=S1(SPST-2)
Added Component: Designator=Y1(R38)
Added Pin To Net: NetName=Net*1_5 Pin=*1-5
Added Pin To Net: NetName=GND Pin=*1-8
Added Pin To Net: NetName=VDD Pin=*1-13
Added Pin To Net: NetName=Net*1_16 Pin=*1-16
Added Pin To Net: NetName=Net*1_19 Pin=*1-19
Added Pin To Net: NetName=Net*1_20 Pin=*1-20
Added Pin To Net: NetName=VDD Pin=*1-23
Added Pin To Net: NetName=GND Pin=*1-27
Added Pin To Net: NetName=VDD Pin=*1-28
Added Pin To Net: NetName=Net*2_1 Pin=*2-1
Added Pin To Net: NetName=NetD1_1 Pin=D1-1
Added Pin To Net: NetName=GND Pin=D1-2
Added Pin To Net: NetName=VDD Pin=D2-1
Added Pin To Net: NetName=GND Pin=D2-2
Added Pin To Net: NetName=RST Pin=R1-1
Added Pin To Net: NetName=VDD Pin=R1-2
Added Pin To Net: NetName=NetR2_1 Pin=R2-1
Added Pin To Net: NetName=RST Pin=R2-2
Added Pin To Net: NetName=Net1_3 Pin=R3-1
Added Pin To Net: NetName=VDD Pin=R3-2
Added Pin To Net: NetName=Net*1_5 Pin=R?-1
Added Pin To Net: NetName=NetD1_1 Pin=R?-2
Added Pin To Net: NetName=GND Pin=S1-1
Added Pin To Net: NetName=NetR2_1 Pin=S1-2
Added Pin To Net: NetName=X1 Pin=Y1-1
Added Pin To Net: NetName=X2 Pin=Y1-2
Added Pin To Net: NetName=D+ Pin=*1-21
Added Net: Name=D+
Added Pin To Net: NetName=D- Pin=*1-22
Added Net: Name=D-
Added Member To Class: ClassName=AwesomeRemote Member=Component *1 PIC32MX220F032B
Added Member To Class: ClassName=AwesomeRemote Member=Component *2 VOLTAGE_REG
Added Member To Class: ClassName=AwesomeRemote Member=Component 1 IR Receiver
Added Member To Class: ClassName=AwesomeRemote Member=Component D1 LED0
Added Member To Class: ClassName=AwesomeRemote Member=Component D2 LED0
Added Member To Class: ClassName=AwesomeRemote Member=Component R1 Res1
Added Member To Class: ClassName=AwesomeRemote Member=Component R2 Res1
Added Member To Class: ClassName=AwesomeRemote Member=Component R3 Res1
Added Member To Class: ClassName=AwesomeRemote Member=Component R? Res1
Added Member To Class: ClassName=AwesomeRemote Member=Component S1 SW-PB
Added Member To Class: ClassName=AwesomeRemote Member=Component Y1 XTAL
Added Room: Name=AwesomeRemote
