Added Parameter Fabricant=Microchip to Part *
Added Parameter Fabricant=Microchip to Part *
Added Parameter Fabricant= to Part *
Added Parameter Fabricant= to Part *
Added Parameter Fabricant= to Part J1
Added Parameter Fabricant= to Part J
Added Parameter Fournisseur=Farnell to Part *
Added Parameter Fournisseur=Farnell to Part *
Added Parameter Fournisseur=Farnell to Part *
Added Parameter Fournisseur=Farnell to Part J1
Added Parameter Fournisseur=Farnell to Part J
Added Parameter Fournisseur=Farnell to Part *
Added Parameter RefFabricant=MCP1824ST-3302E/DB to Part *
Added Parameter RefFabricant= to Part *
Added Parameter RefFabricant= to Part *
Added Parameter RefFabricant= to Part *
Added Parameter RefFabricant= to Part J1
Added Parameter RefFabricant= to Part J
Added Parameter RefFournisseur=1578379 to Part *
Added Parameter RefFournisseur= to Part *
Added Parameter RefFournisseur= to Part *
Added Parameter RefFournisseur= to Part *
Added Parameter RefFournisseur= to Part J1
Added Parameter RefFournisseur= to Part J
