Change Value of Parameter Value in Part R? Old=130Ohms New=130R
Change Value of Parameter Value in Part R? Old=130Ohms New=130R
Added Parameter Fabricant= to Part C?
Added Parameter Fabricant= to Part C?
Added Parameter Fabricant= to Part C?
Added Parameter Fabricant= to Part C?
Added Parameter Fabricant= to Part C?
Added Parameter Fabricant= to Part C?
Added Parameter Fabricant= to Part C?
Added Parameter Fabricant= to Part C?
Added Parameter Fabricant= to Part C?
Added Parameter Fabricant= to Part D?
Added Parameter Fabricant= to Part D?
Added Parameter Fabricant= to Part ICD?
Added Parameter Fabricant= to Part PIC?
Added Parameter Fabricant= to Part R?
Added Parameter Fabricant= to Part R?
Added Parameter Fabricant= to Part R?
Added Parameter Fabricant= to Part R?
Added Parameter Fabricant= to Part R?
Added Parameter Fabricant= to Part S?
Added Parameter Fabricant= to Part Y?
Added Parameter Fournisseur=Farnell to Part C?
Added Parameter Fournisseur=Farnell to Part C?
Added Parameter Fournisseur=Farnell to Part C?
Added Parameter Fournisseur=Farnell to Part C?
Added Parameter Fournisseur=Farnell to Part C?
Added Parameter Fournisseur=Farnell to Part C?
Added Parameter Fournisseur=Farnell to Part C?
Added Parameter Fournisseur=Farnell to Part C?
Added Parameter Fournisseur=Farnell to Part C?
Added Parameter Fournisseur=Farnell to Part D?
Added Parameter Fournisseur=Farnell to Part D?
Added Parameter Fournisseur=Farnell to Part ICD?
Added Parameter Fournisseur=Farnell to Part PIC?
Added Parameter Fournisseur=Farnell to Part R?
Added Parameter Fournisseur=Farnell to Part R?
Added Parameter Fournisseur=Farnell to Part R?
Added Parameter Fournisseur=Farnell to Part R?
Added Parameter Fournisseur=Farnell to Part R?
Added Parameter Fournisseur=Farnell to Part S?
Added Parameter Fournisseur=Farnell to Part Y?
Added Parameter RefFabricant= to Part C?
Added Parameter RefFabricant= to Part C?
Added Parameter RefFabricant= to Part C?
Added Parameter RefFabricant= to Part C?
Added Parameter RefFabricant= to Part C?
Added Parameter RefFabricant= to Part C?
Added Parameter RefFabricant= to Part C?
Added Parameter RefFabricant= to Part C?
Added Parameter RefFabricant= to Part C?
Added Parameter RefFabricant= to Part D?
Added Parameter RefFabricant= to Part D?
Added Parameter RefFabricant= to Part ICD?
Added Parameter RefFabricant= to Part PIC?
Added Parameter RefFabricant= to Part R?
Added Parameter RefFabricant= to Part R?
Added Parameter RefFabricant= to Part R?
Added Parameter RefFabricant= to Part R?
Added Parameter RefFabricant= to Part R?
Added Parameter RefFabricant= to Part S?
Added Parameter RefFabricant= to Part Y?
Added Parameter RefFournisseur= to Part C?
Added Parameter RefFournisseur= to Part C?
Added Parameter RefFournisseur= to Part C?
Added Parameter RefFournisseur= to Part C?
Added Parameter RefFournisseur= to Part C?
Added Parameter RefFournisseur= to Part C?
Added Parameter RefFournisseur= to Part C?
Added Parameter RefFournisseur= to Part C?
Added Parameter RefFournisseur= to Part C?
Added Parameter RefFournisseur= to Part D?
Added Parameter RefFournisseur= to Part D?
Added Parameter RefFournisseur= to Part ICD?
Added Parameter RefFournisseur= to Part PIC?
Added Parameter RefFournisseur= to Part R?
Added Parameter RefFournisseur= to Part R?
Added Parameter RefFournisseur= to Part R?
Added Parameter RefFournisseur= to Part R?
Added Parameter RefFournisseur= to Part R?
Added Parameter RefFournisseur= to Part S?
Added Parameter RefFournisseur= to Part Y?
