Added Parameter datash= to Part D1
Added Parameter datash= to Part D2
Added Parameter Fabricant=CITIZEN FINETECH MIYOTA to Part Y1
Added Parameter Fabricant=Microchip to Part PS1
Added Parameter Fabricant=Microchip to Part U2
Added Parameter Fabricant=ROHM to Part D1
Added Parameter Fabricant=ROHM to Part D2
Added Parameter Fabricant=TE CONNECTIVITY / ALCOSWITCH to Part S
Added Parameter Fabricant= to Part R1
Added Parameter Fabricant= to Part R2
Added Parameter Fabricant= to Part R3
Added Parameter Fabricant= to Part R4
Added Parameter Fabricant= to Part R5
Added Parameter Fournisseur=Farnell to Part D1
Added Parameter Fournisseur=Farnell to Part D2
Added Parameter Fournisseur=Farnell to Part PS1
Added Parameter Fournisseur=Farnell to Part S
Added Parameter Fournisseur=Farnell to Part U2
Added Parameter Fournisseur=Farnell to Part Y1
Added Parameter Fournisseur= to Part R1
Added Parameter Fournisseur= to Part R2
Added Parameter Fournisseur= to Part R3
Added Parameter Fournisseur= to Part R4
Added Parameter Fournisseur= to Part R5
Added Parameter RefFabricant=1437566-3 to Part S
Added Parameter RefFabricant=HCM49 4.000MABJ-UT to Part Y1
Added Parameter RefFabricant=MCP1824ST-3302E/DB to Part PS1
Added Parameter RefFabricant=PIC32MX220F032B-I/SO to Part U2
Added Parameter RefFabricant=SLR-342MG3FP to Part D2
Added Parameter RefFabricant=SLR-342VR3FP to Part D1
Added Parameter RefFabricant= to Part R1
Added Parameter RefFabricant= to Part R2
Added Parameter RefFabricant= to Part R3
Added Parameter RefFabricant= to Part R4
Added Parameter RefFabricant= to Part R5
Added Parameter RefFournisseur=1578379 to Part PS1
Added Parameter RefFournisseur=1611739 to Part Y1
Added Parameter RefFournisseur=1685017 to Part D2
Added Parameter RefFournisseur=1685021 to Part D1
Added Parameter RefFournisseur=2057069 to Part U2
Added Parameter RefFournisseur=2468741 to Part S
Added Parameter RefFournisseur= to Part R1
Added Parameter RefFournisseur= to Part R2
Added Parameter RefFournisseur= to Part R3
Added Parameter RefFournisseur= to Part R4
Added Parameter RefFournisseur= to Part R5
